<?xml version="1.0" encoding="UTF-8" ?>
<testsuite tests="1" failures="0" name="TestSuite" time="83.129" errors="0" skipped="0">
  <properties>
    <property name="java.vendor" value="Oracle Corporation"/>
    <property name="JOB_NAME" value="SeleniumTest"/>
    <property name="sun.java.launcher" value="SUN_STANDARD"/>
    <property name="NUMBER_OF_PROCESSORS" value="8"/>
    <property name="sun.management.compiler" value="HotSpot Client Compiler"/>
    <property name="JENKINS_HOME" value="D:\jenkins"/>
    <property name="HUDSON_SERVER_COOKIE" value="73a9285d8928d888"/>
    <property name="POM_ARTIFACTID" value="WebdriverTest"/>
    <property name="os.name" value="Windows 7"/>
    <property name="sun.boot.class.path" value="C:\Program Files\Java\jdk1.8.0_71\jre\lib\resources.jar;C:\Program Files\Java\jdk1.8.0_71\jre\lib\rt.jar;C:\Program Files\Java\jdk1.8.0_71\jre\lib\sunrsasign.jar;C:\Program Files\Java\jdk1.8.0_71\jre\lib\jsse.jar;C:\Program Files\Java\jdk1.8.0_71\jre\lib\jce.jar;C:\Program Files\Java\jdk1.8.0_71\jre\lib\charsets.jar;C:\Program Files\Java\jdk1.8.0_71\jre\lib\jfr.jar;C:\Program Files\Java\jdk1.8.0_71\jre\classes"/>
    <property name="EXECUTOR_NUMBER" value="1"/>
    <property name="JUNIT_HOME" value="C:\junit\"/>
    <property name="sun.desktop" value="windows"/>
    <property name="PATHEXT" value=".COM;.EXE;.BAT;.CMD;.VBS;.VBE;.JS;.JSE;.WSF;.WSH;.MSC;.PY"/>
    <property name="java.vm.specification.vendor" value="Oracle Corporation"/>
    <property name="POM_DISPLAYNAME" value="WebdriverTest"/>
    <property name="NODE_LABELS" value="master"/>
    <property name="TEMP" value="C:\Users\rs186098\AppData\Local\Temp"/>
    <property name="java.runtime.version" value="1.8.0_71-b15"/>
    <property name="ATLAS_HOME" value="C:\Users\rs186098\atlassian-plugin-sdk"/>
    <property name="user.name" value="rs186098"/>
    <property name="RoxioCentral" value="C:\Program Files\Common Files\Roxio Shared\10.0\Roxio Central36\"/>
    <property name="guice.disable.misplaced.annotation.check" value="true"/>
    <property name="ProgramFiles" value="C:\Program Files"/>
    <property name="PROMPT" value="$P$G"/>
    <property name="user.language" value="en"/>
    <property name="M2" value="C:\Program Files\apache-maven-3.3.3\bin\"/>
    <property name="BUILD_DISPLAY_NAME" value="#4"/>
    <property name="sun.boot.library.path" value="C:\Program Files\Java\jdk1.8.0_71\jre\bin"/>
    <property name="LOCALAPPDATA" value="C:\Users\rs186098\AppData\Local"/>
    <property name="java.version" value="1.8.0_71"/>
    <property name="PROCESSOR_LEVEL" value="6"/>
    <property name="user.timezone" value="Asia/Calcutta"/>
    <property name="USERNAME" value="rs186098"/>
    <property name="sun.arch.data.model" value="32"/>
    <property name="NODE_NAME" value="master"/>
    <property name="DataConnectorLibPath" value="C:\Program Files\Teradata\Client\15.10\bin\"/>
    <property name="java.endorsed.dirs" value="C:\Program Files\Java\jdk1.8.0_71\jre\lib\endorsed"/>
    <property name="BUILD_ID" value="4"/>
    <property name="sun.cpu.isalist" value="pentium_pro+mmx pentium_pro pentium+mmx pentium i486 i386 i86"/>
    <property name="sun.jnu.encoding" value="Cp1252"/>
    <property name="file.encoding.pkg" value="sun.io"/>
    <property name="file.separator" value="\"/>
    <property name="java.specification.name" value="Java Platform API Specification"/>
    <property name="HOMEDRIVE" value="C:"/>
    <property name="java.class.version" value="52.0"/>
    <property name="org.slf4j.simpleLogger.defaultLogLevel" value="info"/>
    <property name="user.country" value="IN"/>
    <property name="ALLUSERSPROFILE" value="C:\ProgramData"/>
    <property name="VS140COMNTOOLS" value="C:\Program Files\Microsoft Visual Studio 14.0\Common7\Tools\"/>
    <property name="java.home" value="C:\Program Files\Java\jdk1.8.0_71\jre"/>
    <property name="java.vm.info" value="mixed mode"/>
    <property name="os.version" value="6.1"/>
    <property name="=ExitCode" value="00000000"/>
    <property name="POM_VERSION" value="0.0.1-SNAPSHOT"/>
    <property name="LDMS_PREFERRED_SERVER" value="SUSHDC8384"/>
    <property name="TMP" value="C:\Users\rs186098\AppData\Local\Temp"/>
    <property name="path.separator" value=";"/>
    <property name="java.vm.version" value="25.71-b15"/>
    <property name="user.variant" value=""/>
    <property name="LDMS_LOCAL_DIR" value="C:\Program Files\LANDesk\LDClient\Data"/>
    <property name="java.awt.printerjob" value="sun.awt.windows.WPrinterJob"/>
    <property name="FP_NO_HOST_CHECK" value="NO"/>
    <property name="path" value="C:\Program Files\Java\jdk1.8.0_71/bin;C:\Program Files\Teradata\Client\13.10\AXSMOD\;C:\ProgramData\Oracle\Java\javapath;C:\Program Files\Teradata\Client\15.10\bin;C:\Go\bin;C:\Program Files\Java\jdk1.8.0_45\bin\;C:\Program Files\Java\jre1.6.0_25\bin\;C:\Program Files\nodejs\;%USERPROFILE%\.dnx\bin;C:\Program Files\Microsoft DNX\Dnvm\;C:\Program Files\apache-maven-3.3.3\bin\;C:\Program Files\Git\cmd;C:\Program Files\Skype\Phone\;C:\Program Files\Java\jdk1.8.0_71\bin;C:\Go\bin;C:\Users\rs186098\AppData\Roaming\npm;C:\Windows\Microsoft.NET\Framework\v4.0.30319\;C:\Users\rs186098\Downloads\curl-7.43.0\I386\;;C:\Users\rs186098\atlassian-plugin-sdk\bin;C:\Users\rs186098\Downloads\apache-jmeter-2.13\bin;C:\Program Files\Git;C:\Python27;"/>
    <property name="JAVA_HOME" value="C:\Program Files\Java\jdk1.8.0_71"/>
    <property name="sun.io.unicode.encoding" value="UnicodeLittle"/>
    <property name="CommonProgramFiles" value="C:\Program Files\Common Files"/>
    <property name="ComSpec" value="C:\Windows\system32\cmd.exe"/>
    <property name="HOMEPATH" value="\Users\rs186098"/>
    <property name="awt.toolkit" value="sun.awt.windows.WToolkit"/>
    <property name="USERDNSDOMAIN" value="TD.TERADATA.COM"/>
    <property name="POM_PACKAGING" value="jar"/>
    <property name="user.script" value=""/>
    <property name="COMPUTERNAME" value="WINRS186098-38K"/>
    <property name="POM_GROUPID" value="WebdriverTest"/>
    <property name="user.home" value="C:\Users\rs186098"/>
    <property name="PUBLIC" value="C:\Users\Public"/>
    <property name="BUILD_TAG" value="jenkins-SeleniumTest-4"/>
    <property name="JENKINS_SERVER_COOKIE" value="73a9285d8928d888"/>
    <property name="HUDSON_URL" value="http://153.65.244.232:8080/"/>
    <property name="ProgramData" value="C:\ProgramData"/>
    <property name="java.specification.vendor" value="Oracle Corporation"/>
    <property name="USERPROFILE" value="C:\Users\rs186098"/>
    <property name="CLASSPATH" value=""/>
    <property name="java.vendor.url" value="http://java.oracle.com/"/>
    <property name="java.library.path" value="C:\Program Files\Java\jdk1.8.0_71\bin;C:\Windows\Sun\Java\bin;C:\Windows\system32;C:\Windows;C:\Users\rs186098\atlassian-plugin-sdk\apache-maven-3.2.1\/bin;C:\Program Files\Java\jdk1.8.0_71/bin;C:\Program Files\Java\jdk1.8.0_71/bin;C:\Program Files\Teradata\Client\13.10\AXSMOD\;C:\ProgramData\Oracle\Java\javapath;C:\Program Files\Teradata\Client\15.10\bin;C:\Go\bin;C:\Program Files\Java\jdk1.8.0_45\bin\;C:\Program Files\Java\jre1.6.0_25\bin\;C:\Program Files\nodejs\;%USERPROFILE%\.dnx\bin;C:\Program Files\Microsoft DNX\Dnvm\;C:\Program Files\apache-maven-3.3.3\bin\;C:\Program Files\Git\cmd;C:\Program Files\Skype\Phone\;C:\Program Files\Java\jdk1.8.0_71\bin;C:\Go\bin;C:\Users\rs186098\AppData\Roaming\npm;C:\Windows\Microsoft.NET\Framework\v4.0.30319\;C:\Users\rs186098\Downloads\curl-7.43.0\I386\;;C:\Users\rs186098\atlassian-plugin-sdk\bin;C:\Users\rs186098\Downloads\apache-jmeter-2.13\bin;C:\Program Files\Git;C:\Python27;;."/>
    <property name="java.vm.vendor" value="Oracle Corporation"/>
    <property name="APPDATA" value="C:\Users\rs186098\AppData\Roaming"/>
    <property name="java.runtime.name" value="Java(TM) SE Runtime Environment"/>
    <property name="maven.home" value="C:\Users\rs186098\atlassian-plugin-sdk\apache-maven-3.2.1"/>
    <property name="java.class.path" value="D:\jenkins\plugins\maven-plugin\WEB-INF\lib\maven31-agent-1.5.jar;C:\Users\rs186098\atlassian-plugin-sdk\apache-maven-3.2.1\boot\plexus-classworlds-2.5.1.jar;C:\Users\rs186098\atlassian-plugin-sdk\apache-maven-3.2.1/conf/logging"/>
    <property name="sun.java.command" value="jenkins.maven3.agent.Maven31Main C:\Users\rs186098\atlassian-plugin-sdk\apache-maven-3.2.1\ D:\jenkins\war\WEB-INF\lib\remoting-2.52.jar D:\jenkins\plugins\maven-plugin\WEB-INF\lib\maven31-interceptor-1.5.jar D:\jenkins\plugins\maven-plugin\WEB-INF\lib\maven3-interceptor-commons-1.5.jar 51647"/>
    <property name="GOROOT" value="C:\Go\"/>
    <property name="java.vm.specification.name" value="Java Virtual Machine Specification"/>
    <property name="PROCESSOR_ARCHITECTURE" value="x86"/>
    <property name="PATH+JDK" value="C:\Program Files\Java\jdk1.8.0_71/bin"/>
    <property name="PROCESSOR_IDENTIFIER" value="x86 Family 6 Model 30 Stepping 5, GenuineIntel"/>
    <property name="SESSIONNAME" value="Console"/>
    <property name="java.vm.specification.version" value="1.8"/>
    <property name="sun.os.patch.level" value="Service Pack 1"/>
    <property name="sun.cpu.endian" value="little"/>
    <property name="M2_HOME" value="C:\Users\rs186098\atlassian-plugin-sdk\apache-maven-3.2.1\"/>
    <property name="=D:" value="D:\"/>
    <property name="java.io.tmpdir" value="C:\Users\rs186098\AppData\Local\Temp\"/>
    <property name="OS" value="Windows_NT"/>
    <property name="HUDSON_HOME" value="D:\jenkins"/>
    <property name="PATH+MAVEN" value="C:\Users\rs186098\atlassian-plugin-sdk\apache-maven-3.2.1\/bin"/>
    <property name="BUILD_URL" value="http://153.65.244.232:8080/job/SeleniumTest/4/"/>
    <property name="java.vendor.url.bug" value="http://bugreport.sun.com/bugreport/"/>
    <property name="M2_REPO" value="C:\Users\rs186098\.m2\repository"/>
    <property name="MAVEN_OPTS" value="-Xms256m -Xmx512m"/>
    <property name="java.awt.graphicsenv" value="sun.awt.Win32GraphicsEnvironment"/>
    <property name="os.arch" value="x86"/>
    <property name="SystemRoot" value="C:\Windows"/>
    <property name="java.ext.dirs" value="C:\Program Files\Java\jdk1.8.0_71\jre\lib\ext;C:\Windows\Sun\Java\lib\ext"/>
    <property name="RCAUTOPLAY" value="C:\Program Files\Roxio\OEM\Roxio Central 5\"/>
    <property name="user.dir" value="D:\backed up folder\workspace\WebdriverTest"/>
    <property name="JOB_URL" value="http://153.65.244.232:8080/job/SeleniumTest/"/>
    <property name="LOGONSERVER" value="\\SINWIN7980"/>
    <property name="USERDOMAIN" value="TD"/>
    <property name="line.separator" value="
"/>
    <property name="MAVEN_HOME" value="C:\Users\rs186098\atlassian-plugin-sdk\apache-maven-3.2.1\"/>
    <property name="python" value="C:\Python27\python.exe"/>
    <property name="java.vm.name" value="Java HotSpot(TM) Client VM"/>
    <property name="BUILD_NUMBER" value="4"/>
    <property name="BURN_AUTOPLAY" value="C:\Program Files\Roxio\OEM\Roxio Burn\"/>
    <property name="JENKINS_URL" value="http://153.65.244.232:8080/"/>
    <property name="PROCESSOR_REVISION" value="1e05"/>
    <property name="windir" value="C:\Windows"/>
    <property name="file.encoding" value="Cp1252"/>
    <property name="SystemDrive" value="C:"/>
    <property name="maven3.interceptor" value="D:\jenkins\plugins\maven-plugin\WEB-INF\lib\maven31-interceptor-1.5.jar"/>
    <property name="WORKSPACE" value="D:\jenkins\workspace\SeleniumTest"/>
    <property name="maven3.interceptor.common" value="D:\jenkins\plugins\maven-plugin\WEB-INF\lib\maven3-interceptor-commons-1.5.jar"/>
    <property name="EMC_AUTOPLAY" value="C:\Program Files\Common Files\Roxio Shared\OEM\"/>
    <property name="java.specification.version" value="1.8"/>
    <property name="PSModulePath" value="C:\Windows\system32\WindowsPowerShell\v1.0\Modules\"/>
    <property name="PCOMM_Root" value="C:\Program Files\IBM\Personal Communications\"/>
  </properties>
  <testcase classname="example.NewTest" name="testEasy" time="83.129"/>
</testsuite>