<?xml version="1.0" encoding="UTF-8"?>
<!-- Generated by org.testng.reporters.JUnitReportReporter -->
<testsuite hostname="WINRS186098-38K" name="TestScripts.LoginTests" tests="4" failures="0" timestamp="1 Feb 2016 10:15:24 GMT" time="167.885" errors="0">
  <testcase name="test2" time="20.622" classname="TestScripts.LoginTests"/>
  <testcase name="test2" time="21.917" classname="TestScripts.LoginTests"/>
  <testcase name="test1" time="62.671" classname="TestScripts.LoginTests"/>
  <testcase name="test1" time="62.675" classname="TestScripts.LoginTests"/>
</testsuite> <!-- TestScripts.LoginTests -->
