<?xml version="1.0" encoding="UTF-8"?>
<!-- Generated by org.testng.reporters.JUnitReportReporter -->
<testsuite hostname="WINRS186098-38K" name="TestScripts.LoginTests" tests="2" failures="0" timestamp="1 Feb 2016 10:36:18 GMT" time="60.891" errors="0">
  <testcase name="test2" time="21.383" classname="TestScripts.LoginTests"/>
  <testcase name="test1" time="39.508" classname="TestScripts.LoginTests"/>
</testsuite> <!-- TestScripts.LoginTests -->
