<?xml version="1.0" encoding="UTF-8"?>
<!-- Generated by org.testng.reporters.JUnitReportReporter -->
<testsuite hostname="WINRS186098-38K" name="example.NewTest" tests="1" failures="0" timestamp="29 Jan 2016 05:35:31 GMT" time="21.938" errors="0">
  <testcase name="testEasy" time="21.938" classname="example.NewTest"/>
</testsuite> <!-- example.NewTest -->
