<?xml version="1.0" encoding="UTF-8"?>
<!-- Generated by org.testng.reporters.JUnitReportReporter -->
<testsuite hostname="WINRS186098-38K" name="example.NewTest" tests="1" failures="0" timestamp="29 Jan 2016 08:03:39 GMT" time="83.130" errors="0">
  <testcase name="testEasy" time="83.130" classname="example.NewTest"/>
</testsuite> <!-- example.NewTest -->
